Change Component Footprint: Designator=C1 Old Footprint=Cap_0603 New Footprint=CAP_0805
Change Component Footprint: Designator=C5 Old Footprint=Cap_0603 New Footprint=CAP_0805
Change Component Footprint: Designator=C6 Old Footprint=Cap_0603 New Footprint=CAP_0805
Change Component Footprint: Designator=C16 Old Footprint=Cap_0603 New Footprint=CAP_0805
Change Component Footprint: Designator=C17 Old Footprint=Cap_0603 New Footprint=CAP_0805
Change Component Comment: Designator=C1 Old Comment=Cap New Comment=Cap_1
Change Component Comment: Designator=C5 Old Comment=Cap New Comment=Cap_1
Change Component Comment: Designator=C6 Old Comment=Cap New Comment=Cap_1
Change Component Comment: Designator=C16 Old Comment=Cap New Comment=Cap_1
Change Component Comment: Designator=C17 Old Comment=Cap New Comment=Cap_1
Add Pin To Net: Pin=U4-3 Old Net=NetU4_3 New Net=USB_DP
Add Pin To Net: Pin=U4-4 Old Net=NetU4_4 New Net=USB_DM
Change Pin Designator/Name:  Old Designator=C1-1 Old Name=1 New Designator =2 New Name=2
Change Pin Designator/Name:  Old Designator=C1-2 Old Name=2 New Designator =1 New Name=1
Change Pin Designator/Name:  Old Designator=C5-1 Old Name=1 New Designator =2 New Name=2
Change Pin Designator/Name:  Old Designator=C5-2 Old Name=2 New Designator =1 New Name=1
Change Pin Designator/Name:  Old Designator=C6-1 Old Name=1 New Designator =2 New Name=2
Change Pin Designator/Name:  Old Designator=C6-2 Old Name=2 New Designator =1 New Name=1
Change Pin Designator/Name:  Old Designator=Q1-1 Old Name=S_1 New Designator =G New Name=4
Change Pin Designator/Name:  Old Designator=Q1-4 Old Name=G New Designator =S_1 New Name=1
Change Pin Designator/Name:  Old Designator=U6-1 Old Name=IN New Designator =GND New Name=2
Change Pin Designator/Name:  Old Designator=U6-2 Old Name=GND New Designator =IN New Name=1
