Removed Pin From Net: NetName=+5USB Pin=D3-A
Removed Pin From Net: NetName=SGND Pin=D3-K
Removed Pin From Net: NetName=SGND Pin=D4-K
Removed Pin From Net: NetName=NetJ5_1 Pin=J5-+
Removed Member From Class: ClassName=picr22-team-snax-mainboard Member=D3
Added Component: Designator=R2(RES_0603)
Add component (AddParameter): Name = "LatestRevisionDate"; Value = "17-Jul-2002"; VariantName = "[No Variations]"
Add component (AddParameter): Name = "LatestRevisionNote"; Value = "Re-released for DXP Platform."; VariantName = "[No Variations]"
Add component (AddParameter): Name = "PackageDescription"; Value = "Axial Device, Thru-Hole; 2 Leads; 0.3 in Pin Spacing"; VariantName = "[No Variations]"
Add component (AddParameter): Name = "PackageReference"; Value = "AXIAL-0.3"; VariantName = "[No Variations]"
Add component (AddParameter): Name = "Published"; Value = "8-Jun-2000"; VariantName = "[No Variations]"
Add component (AddParameter): Name = "Publisher"; Value = "Altium Limited"; VariantName = "[No Variations]"
Add component (AddParameter): Name = "Value"; Value = ""; VariantName = "[No Variations]"
Add Pin To Net: Unknown Pin: Pin J5-1
Added Pin To Net: NetName=SGND Pin=R2-2
Added Pin To Net: NetName=NetD4_K Pin=D4-K
Added Pin To Net: NetName=NetD4_K Pin=R2-1
Added Net: Name=NetD4_K
Added Member To Class: ClassName=picr22-team-snax-mainboard Member=Component J2 215079-4
Added Member To Class: ClassName=picr22-team-snax-mainboard Member=Component R2 1k 0603
