Removed Pin From Net: NetName=Bat- Pin=2-1
Removed Pin From Net: NetName=+16.8 Pin=C14-2
Removed Pin From Net: NetName=Bat- Pin=C15-1
Removed Pin From Net: NetName=+5 Pin=C15-2
Removed Pin From Net: NetName=+5 Pin=C16-2
Removed Pin From Net: NetName=+5 Pin=J9-1
Removed Pin From Net: NetName=+5 Pin=J15-1
Removed Pin From Net: NetName=SERVO_M1_OUT Pin=J15-2
Removed Pin From Net: NetName=Bat- Pin=J15-3
Removed Pin From Net: NetName=Bat- Pin=J15-4
Removed Pin From Net: NetName=Bat- Pin=Q1-1
Removed Pin From Net: NetName=+16.8 Pin=Q1-4
Removed Pin From Net: NetName=Bat- Pin=R12-1
Removed Pin From Net: NetName=DRV_OFF_OUT Pin=R12-2
Removed Pin From Net: NetName=DRV_OFF_OUT Pin=U3-13
Removed Pin From Net: NetName=DRV_OFF_OUT Pin=U5-13
Removed Pin From Net: NetName=Bat- Pin=U6-2
Removed Pin From Net: NetName=+5 Pin=U6-5
Removed Pin From Net: NetName=DRV_OFF_OUT Pin=U8-13
Removed Pin From Net: NetName=+5 Pin=U10-1
Removed Pin From Net: NetName=SGND Pin=U10-3
Change Component Footprint: Designator=R2 Old Footprint=RES_0805 New Footprint=RES_0603
Change Component Footprint: Designator=R7 Old Footprint=RES_0805 New Footprint=RES_0603
Change Component Comment : Designator=R2 Old Comment=100k 0805 New Comment=100k 0603
Change Component Comment : Designator=R7 Old Comment=100k 0805 New Comment=100k 0603
Change Component Designator: OldDesignator=2 NewDesignator=J5
Added Component: Designator=J12(3x3mm pad)
Added Component: Designator=R9(RES_0603)
Add component (AddParameter): Name = "LatestRevisionDate"; Value = "17-Jul-2002"; VariantName = "[No Variations]"
Add component (AddParameter): Name = "LatestRevisionNote"; Value = "Re-released for DXP Platform."; VariantName = "[No Variations]"
Add component (AddParameter): Name = "PackageDescription"; Value = "Axial Device, Thru-Hole; 2 Leads; 0.3 in Pin Spacing"; VariantName = "[No Variations]"
Add component (AddParameter): Name = "PackageReference"; Value = "AXIAL-0.3"; VariantName = "[No Variations]"
Add component (AddParameter): Name = "Published"; Value = "8-Jun-2000"; VariantName = "[No Variations]"
Add component (AddParameter): Name = "Publisher"; Value = "Altium Limited"; VariantName = "[No Variations]"
Add component (AddParameter): Name = "Value"; Value = ""; VariantName = "[No Variations]"
Added Pin To Net: NetName=Bat- Pin=J12-1
Added Pin To Net: NetName=+16.8 Pin=Q1-1
Added Pin To Net: NetName=Bat- Pin=Q1-4
Added Pin To Net: NetName=Bat- Pin=R9-1
Added Pin To Net: NetName=DRV_OFF_OUT Pin=R9-2
Added Pin To Net: NetName=+5USB Pin=C16-2
Added Pin To Net: NetName=+5USB Pin=J9-1
Added Pin To Net: NetName=+5USB Pin=U10-1
Added Pin To Net: NetName=+5USB Pin=U10-3
Added Net: Name=+5USB
Added Member To Class: ClassName=picr22-team-snax-mainboard Member=Component C1 Cap_1
Added Member To Class: ClassName=picr22-team-snax-mainboard Member=Component C2 Cap
Added Member To Class: ClassName=picr22-team-snax-mainboard Member=Component C3 Cap
Added Member To Class: ClassName=picr22-team-snax-mainboard Member=Component C4 Cap
Added Member To Class: ClassName=picr22-team-snax-mainboard Member=Component C5 Cap_1
Added Member To Class: ClassName=picr22-team-snax-mainboard Member=Component C6 Cap_1
Added Member To Class: ClassName=picr22-team-snax-mainboard Member=Component C7 Cap
Added Member To Class: ClassName=picr22-team-snax-mainboard Member=Component C8 Cap
Added Member To Class: ClassName=picr22-team-snax-mainboard Member=Component C9 Cap
Added Member To Class: ClassName=picr22-team-snax-mainboard Member=Component C10 Cap
Added Member To Class: ClassName=picr22-team-snax-mainboard Member=Component C11 Cap
Added Member To Class: ClassName=picr22-team-snax-mainboard Member=Component C12 Cap
Added Member To Class: ClassName=picr22-team-snax-mainboard Member=Component C13 Cap
Added Member To Class: ClassName=picr22-team-snax-mainboard Member=Component C16 Cap_1
Added Member To Class: ClassName=picr22-team-snax-mainboard Member=Component C17 Cap_1
Added Member To Class: ClassName=picr22-team-snax-mainboard Member=Component C18 Cap_1
Added Member To Class: ClassName=picr22-team-snax-mainboard Member=Component C19 Cap_1
Added Member To Class: ClassName=picr22-team-snax-mainboard Member=Component C20 Cap_1
Added Member To Class: ClassName=picr22-team-snax-mainboard Member=Component C21 Cap_1
Added Member To Class: ClassName=picr22-team-snax-mainboard Member=Component C22 Cap_1
Added Member To Class: ClassName=picr22-team-snax-mainboard Member=Component C23 Cap_1
Added Member To Class: ClassName=picr22-team-snax-mainboard Member=Component C24 Cap_1
Added Member To Class: ClassName=picr22-team-snax-mainboard Member=Component C25 Cap_1
Added Member To Class: ClassName=picr22-team-snax-mainboard Member=Component C26 Cap_1
Added Member To Class: ClassName=picr22-team-snax-mainboard Member=Component C27 Cap_1
Added Member To Class: ClassName=picr22-team-snax-mainboard Member=Component C28 Cap_1
Added Member To Class: ClassName=picr22-team-snax-mainboard Member=Component C29 Cap_1
Added Member To Class: ClassName=picr22-team-snax-mainboard Member=Component C30 Cap_1
Added Member To Class: ClassName=picr22-team-snax-mainboard Member=Component C31 Cap_1
Added Member To Class: ClassName=picr22-team-snax-mainboard Member=Component C32 Cap_1
Added Member To Class: ClassName=picr22-team-snax-mainboard Member=Component C33 Cap
Added Member To Class: ClassName=picr22-team-snax-mainboard Member=Component C34 Cap
Added Member To Class: ClassName=picr22-team-snax-mainboard Member=Component C35 Cap
Added Member To Class: ClassName=picr22-team-snax-mainboard Member=Component C36 Cap
Added Member To Class: ClassName=picr22-team-snax-mainboard Member=Component D3 LED-BLUE
Added Member To Class: ClassName=picr22-team-snax-mainboard Member=Component D4 LED-GREEN
Added Member To Class: ClassName=picr22-team-snax-mainboard Member=Component J1 FTSH-105-01-L-DV-K
Added Member To Class: ClassName=picr22-team-snax-mainboard Member=Component J2 M1_2
Added Member To Class: ClassName=picr22-team-snax-mainboard Member=Component J3 215079-4
Added Member To Class: ClassName=picr22-team-snax-mainboard Member=Component J4 215079-4
Added Member To Class: ClassName=picr22-team-snax-mainboard Member=Component J5 215079-4
Added Member To Class: ClassName=picr22-team-snax-mainboard Member=Component J6 215079-4
Added Member To Class: ClassName=picr22-team-snax-mainboard Member=Component J7 M1_1
Added Member To Class: ClassName=picr22-team-snax-mainboard Member=Component J8 M2_2
Added Member To Class: ClassName=picr22-team-snax-mainboard Member=Component J9 10118193-0001LF
Added Member To Class: ClassName=picr22-team-snax-mainboard Member=Component J10 M2_1
Added Member To Class: ClassName=picr22-team-snax-mainboard Member=Component J11 Bat+
Added Member To Class: ClassName=picr22-team-snax-mainboard Member=Component J12 Bat-
Added Member To Class: ClassName=picr22-team-snax-mainboard Member=Component J13 M3_2
Added Member To Class: ClassName=picr22-team-snax-mainboard Member=Component J14 M3_1
Added Member To Class: ClassName=picr22-team-snax-mainboard Member=Component L1 Inductor
Added Member To Class: ClassName=picr22-team-snax-mainboard Member=Component Q1 BUK6Y10-30P
Added Member To Class: ClassName=picr22-team-snax-mainboard Member=Component R1 10k
Added Member To Class: ClassName=picr22-team-snax-mainboard Member=Component R2 100k 0603
Added Member To Class: ClassName=picr22-team-snax-mainboard Member=Component R3 2.7K 0805
Added Member To Class: ClassName=picr22-team-snax-mainboard Member=Component R4 53.6kR 0603
Added Member To Class: ClassName=picr22-team-snax-mainboard Member=Component R5 10k
Added Member To Class: ClassName=picr22-team-snax-mainboard Member=Component R6 2.7K 0805
Added Member To Class: ClassName=picr22-team-snax-mainboard Member=Component R7 100k 0603
Added Member To Class: ClassName=picr22-team-snax-mainboard Member=Component R8 10.2kR 0603
Added Member To Class: ClassName=picr22-team-snax-mainboard Member=Component R9 100k 0603
Added Member To Class: ClassName=picr22-team-snax-mainboard Member=Component R10 10k
Added Member To Class: ClassName=picr22-team-snax-mainboard Member=Component R11 2.7K 0805
Added Member To Class: ClassName=picr22-team-snax-mainboard Member=Component U1 STM32G431KBT6
Added Member To Class: ClassName=picr22-team-snax-mainboard Member=Component U2 MAX14930DASE+
Added Member To Class: ClassName=picr22-team-snax-mainboard Member=Component U3 PDRV8243HRXYQ1
Added Member To Class: ClassName=picr22-team-snax-mainboard Member=Component U4 CM1223-02SO
Added Member To Class: ClassName=picr22-team-snax-mainboard Member=Component U5 PDRV8243HRXYQ1
Added Member To Class: ClassName=picr22-team-snax-mainboard Member=Component U7 MAX14930DASE+
Added Member To Class: ClassName=picr22-team-snax-mainboard Member=Component U8 PDRV8243HRXYQ1
Added Member To Class: ClassName=picr22-team-snax-mainboard Member=Component U9 MAX14930DASE+
Added Member To Class: ClassName=picr22-team-snax-mainboard Member=Component U10 NCP164CSN330T1G
Added Member To Class: ClassName=picr22-team-snax-mainboard Member=Component U11 XTPS62933DRLR
Added Room: Name=picr22-team-snax-mainboard
