Removed Pin From Net: NetName=+3.3 Pin=C11-1
Removed Pin From Net: NetName=SGND Pin=C11-2
Removed Pin From Net: NetName=Bat- Pin=C12-1
Removed Pin From Net: NetName=+5 Pin=C12-2
Removed Pin From Net: NetName=SGND Pin=C16-1
Removed Pin From Net: NetName=+5USB Pin=C16-2
Removed Pin From Net: NetName=SGND Pin=C17-1
Removed Pin From Net: NetName=+3.3 Pin=C17-2
Removed Pin From Net: NetName=Bat- Pin=J12-1
Removed Pin From Net: NetName=Bat- Pin=Q1-1
Removed Pin From Net: NetName=+16.8 Pin=Q1-4
Removed Pin From Net: NetName=DRV_OFF_OUT Pin=U3-13
Removed Pin From Net: NetName=+5 Pin=U4-5
Removed Pin From Net: NetName=DRV_OFF_OUT Pin=U5-13
Removed Pin From Net: NetName=DRV_OFF_OUT Pin=U8-13
Removed Pin From Net: NetName=+3.3 Pin=U9-1
Removed Pin From Net: NetName=SGND Pin=U9-2
Removed Pin From Net: NetName=SGND Pin=U9-8
Removed Pin From Net: NetName=Bat- Pin=U9-9
Removed Pin From Net: NetName=DRV_OFF_OUT Pin=U9-13
Removed Pin From Net: NetName=Bat- Pin=U9-15
Removed Pin From Net: NetName=+5 Pin=U9-16
Removed Pin From Net: NetName=+5USB Pin=U10-1
Removed Pin From Net: NetName=SGND Pin=U10-2
Removed Pin From Net: NetName=+5USB Pin=U10-3
Removed Pin From Net: NetName=+3.3 Pin=U10-5
Removed Member From Class: ClassName=picr22-team-snax-mainboard Member=C11
Removed Member From Class: ClassName=picr22-team-snax-mainboard Member=C12
Removed Member From Class: ClassName=picr22-team-snax-mainboard Member=C16
Removed Member From Class: ClassName=picr22-team-snax-mainboard Member=C17
Removed Member From Class: ClassName=picr22-team-snax-mainboard Member=J12
Removed Member From Class: ClassName=picr22-team-snax-mainboard Member=U9
Removed Member From Class: ClassName=picr22-team-snax-mainboard Member=U10
Change Component Footprint: Designator=R1 Old Footprint=RES_0805 New Footprint=RES_0603
Change Component Footprint: Designator=R3 Old Footprint=RES_0805 New Footprint=RES_0603
Change Component Footprint: Designator=R5 Old Footprint=RES_0805 New Footprint=RES_0603
Change Component Footprint: Designator=R10 Old Footprint=RES_0805 New Footprint=RES_0603
Change Component Footprint: Designator=U2 Old Footprint=SOIC-16N New Footprint=SOIC127P1032X265-16N
Change Component Footprint: Designator=U7 Old Footprint=SOIC-16N New Footprint=SOIC127P1032X265-16N
Change Component Footprint: Designator=U4 Old Footprint=SOT65P220X110-5N New Footprint=SOT23-5
Change Component Comment : Designator=R3 Old Comment=2.7K 0805 New Comment=2.7K 0603
Change Component Comment : Designator=R6 Old Comment=2.7K 0805 New Comment=2.7k 0603
Change Component Comment : Designator=R11 Old Comment=2.7K 0805 New Comment=2.7K 0603
Change Component Comment : Designator=R1 Old Comment=10k New Comment=10k 0603
Change Component Comment : Designator=R5 Old Comment=10k New Comment=10k 0603
Change Component Comment : Designator=R10 Old Comment=10k New Comment=10k 0603
Change Component Comment : Designator=R2 Old Comment=100k 0805 New Comment=100k 0603
Change Component Comment : Designator=R7 Old Comment=100k 0805 New Comment=100k 0603
Change Component Comment : Designator=J11 Old Comment=Bat+ New Comment=Bat-
Change Component Comment : Designator=Q1 Old Comment=BUK6Y10-30P New Comment=BUK6Y14-40P
Added Component: Designator=C14(CAP_0805)
Add component (AddParameter): Name = "LatestRevisionDate"; Value = "17-Jul-2002"; VariantName = "[No Variations]"
Add component (AddParameter): Name = "LatestRevisionNote"; Value = "Re-released for DXP Platform."; VariantName = "[No Variations]"
Add component (AddParameter): Name = "PackageDescription"; Value = "Radial Cap, Thru-Hole; 2 Leads; 0.3 in Pin Spacing"; VariantName = "[No Variations]"
Add component (AddParameter): Name = "PackageReference"; Value = "RAD-0.3"; VariantName = "[No Variations]"
Add component (AddParameter): Name = "Published"; Value = "8-Jun-2000"; VariantName = "[No Variations]"
Add component (AddParameter): Name = "Publisher"; Value = "Altium Limited"; VariantName = "[No Variations]"
Add component (AddParameter): Name = "Value"; Value = "1uF 0603"; VariantName = "[No Variations]"
Added Component: Designator=C15(CAP_0805)
Add component (AddParameter): Name = "LatestRevisionDate"; Value = "17-Jul-2002"; VariantName = "[No Variations]"
Add component (AddParameter): Name = "LatestRevisionNote"; Value = "Re-released for DXP Platform."; VariantName = "[No Variations]"
Add component (AddParameter): Name = "PackageDescription"; Value = "Radial Cap, Thru-Hole; 2 Leads; 0.3 in Pin Spacing"; VariantName = "[No Variations]"
Add component (AddParameter): Name = "PackageReference"; Value = "RAD-0.3"; VariantName = "[No Variations]"
Add component (AddParameter): Name = "Published"; Value = "8-Jun-2000"; VariantName = "[No Variations]"
Add component (AddParameter): Name = "Publisher"; Value = "Altium Limited"; VariantName = "[No Variations]"
Add component (AddParameter): Name = "Value"; Value = "1uF 0603"; VariantName = "[No Variations]"
Added Component: Designator=J5(3x3mm pad)
Added Component: Designator=R12(RES_0603)
Add component (AddParameter): Name = "LatestRevisionDate"; Value = "17-Jul-2002"; VariantName = "[No Variations]"
Add component (AddParameter): Name = "LatestRevisionNote"; Value = "Re-released for DXP Platform."; VariantName = "[No Variations]"
Add component (AddParameter): Name = "PackageDescription"; Value = "Axial Device, Thru-Hole; 2 Leads; 0.3 in Pin Spacing"; VariantName = "[No Variations]"
Add component (AddParameter): Name = "PackageReference"; Value = "AXIAL-0.3"; VariantName = "[No Variations]"
Add component (AddParameter): Name = "Published"; Value = "8-Jun-2000"; VariantName = "[No Variations]"
Add component (AddParameter): Name = "Publisher"; Value = "Altium Limited"; VariantName = "[No Variations]"
Add component (AddParameter): Name = "Value"; Value = ""; VariantName = "[No Variations]"
Added Component: Designator=R13(RES_0603)
Add component (AddParameter): Name = "LatestRevisionDate"; Value = "17-Jul-2002"; VariantName = "[No Variations]"
Add component (AddParameter): Name = "LatestRevisionNote"; Value = "Re-released for DXP Platform."; VariantName = "[No Variations]"
Add component (AddParameter): Name = "PackageDescription"; Value = "Axial Device, Thru-Hole; 2 Leads; 0.3 in Pin Spacing"; VariantName = "[No Variations]"
Add component (AddParameter): Name = "PackageReference"; Value = "AXIAL-0.3"; VariantName = "[No Variations]"
Add component (AddParameter): Name = "Published"; Value = "8-Jun-2000"; VariantName = "[No Variations]"
Add component (AddParameter): Name = "Publisher"; Value = "Altium Limited"; VariantName = "[No Variations]"
Add component (AddParameter): Name = "Value"; Value = ""; VariantName = "[No Variations]"
Added Component: Designator=R14(RES_0603)
Add component (AddParameter): Name = "LatestRevisionDate"; Value = "17-Jul-2002"; VariantName = "[No Variations]"
Add component (AddParameter): Name = "LatestRevisionNote"; Value = "Re-released for DXP Platform."; VariantName = "[No Variations]"
Add component (AddParameter): Name = "PackageDescription"; Value = "Axial Device, Thru-Hole; 2 Leads; 0.3 in Pin Spacing"; VariantName = "[No Variations]"
Add component (AddParameter): Name = "PackageReference"; Value = "AXIAL-0.3"; VariantName = "[No Variations]"
Add component (AddParameter): Name = "Published"; Value = "8-Jun-2000"; VariantName = "[No Variations]"
Add component (AddParameter): Name = "Publisher"; Value = "Altium Limited"; VariantName = "[No Variations]"
Add component (AddParameter): Name = "Value"; Value = ""; VariantName = "[No Variations]"
Added Component: Designator=U6(SOP95P250X265-6N)
Added Pin To Net: NetName=Bat- Pin=C14-1
Added Pin To Net: NetName=+16.8 Pin=C14-2
Added Pin To Net: NetName=Bat- Pin=C15-1
Added Pin To Net: NetName=+5 Pin=C15-2
Added Pin To Net: NetName=Bat- Pin=J11-1
Added Pin To Net: NetName=+16.8 Pin=Q1-1
Added Pin To Net: NetName=Bat- Pin=Q1-4
Added Pin To Net: NetName=Bat- Pin=R12-1
Added Pin To Net: NetName=Bat- Pin=R13-1
Added Pin To Net: NetName=Bat- Pin=R14-1
Added Pin To Net: NetName=+5USB Pin=U4-5
Added Pin To Net: NetName=+16.8 Pin=U6-1
Added Pin To Net: NetName=Bat- Pin=U6-2
Added Pin To Net: NetName=+16.8 Pin=U6-3
Added Pin To Net: NetName=+5 Pin=U6-5
Change Net Name : Old Net Name=Bat- New Net Name=GND
Change Net Name : Old Net Name=USB_DM New Net Name=USB_D_N
Change Net Name : Old Net Name=USB_DP New Net Name=USB_D_P
Added Pin To Net: NetName=NetJ5_1 Pin=J5-1
Added Pin To Net: NetName=NetJ5_1 Pin=Q1-5
Added Pin To Net: NetName=NetJ5_1 Pin=Q1-6
Added Net: Name=NetJ5_1
Added Pin To Net: NetName=NetR12_2 Pin=R12-2
Added Pin To Net: NetName=NetR12_2 Pin=U3-13
Added Net: Name=NetR12_2
Added Pin To Net: NetName=NetR13_2 Pin=R13-2
Added Pin To Net: NetName=NetR13_2 Pin=U5-13
Added Net: Name=NetR13_2
Added Pin To Net: NetName=NetR14_2 Pin=R14-2
Added Pin To Net: NetName=NetR14_2 Pin=U8-13
Added Net: Name=NetR14_2
Added Differential Pair: Name=USB_D
Added Member To Class: ClassName=picr22-team-snax-mainboard Member=Component C14 Cap_1
Added Member To Class: ClassName=picr22-team-snax-mainboard Member=Component C15 Cap_1
Added Member To Class: ClassName=picr22-team-snax-mainboard Member=Component J5 Bat+
Added Member To Class: ClassName=picr22-team-snax-mainboard Member=Component R12 100k 0603
Added Member To Class: ClassName=picr22-team-snax-mainboard Member=Component R13 100k 0603
Added Member To Class: ClassName=picr22-team-snax-mainboard Member=Component R14 100k 0603
Added Member To Class: ClassName=picr22-team-snax-mainboard Member=Component U6 NCV8730ASN500T1G
Added Class: Name=USB
