Removed Pin From Net: NetName=NetJ5_1 Pin=J5-+
Removed Pin From Net: NetName=GND Pin=U6-
Change Component Library : Designator=Q1 Old Library=MotorDriver.IntLib New Library=MotorDriver.SCHLIB
Change Component Library : Designator=U4 Old Library=MotorDriver.IntLib New Library=MotorDriver.SCHLIB
Change component parameters: Designator = "C11" ("C11"); Footprint = "Cap_0603"; UniqueID = "\UOKHIYEH" ("\UOKHIYEH")
Change component parameters (AddParameter): Name = "LatestRevisionDate"; Value = "17-Jul-2002"; VariantName = "[No Variations]"
Change component parameters (AddParameter): Name = "LatestRevisionNote"; Value = "Re-released for DXP Platform."; VariantName = "[No Variations]"
Change component parameters (AddParameter): Name = "PackageDescription"; Value = "Radial Cap, Thru-Hole; 2 Leads; 0.3 in Pin Spacing"; VariantName = "[No Variations]"
Change component parameters (AddParameter): Name = "PackageReference"; Value = "RAD-0.3"; VariantName = "[No Variations]"
Change component parameters (AddParameter): Name = "Published"; Value = "8-Jun-2000"; VariantName = "[No Variations]"
Change component parameters (AddParameter): Name = "Publisher"; Value = "Altium Limited"; VariantName = "[No Variations]"
Change component parameters (AddParameter): Name = "Value"; Value = "1uF 0603"; VariantName = "[No Variations]"
Change component parameters: Designator = "C12" ("C12"); Footprint = "Cap_0603"; UniqueID = "\KVDNSHXJ" ("\KVDNSHXJ")
Change component parameters (AddParameter): Name = "LatestRevisionDate"; Value = "17-Jul-2002"; VariantName = "[No Variations]"
Change component parameters (AddParameter): Name = "LatestRevisionNote"; Value = "Re-released for DXP Platform."; VariantName = "[No Variations]"
Change component parameters (AddParameter): Name = "PackageDescription"; Value = "Radial Cap, Thru-Hole; 2 Leads; 0.3 in Pin Spacing"; VariantName = "[No Variations]"
Change component parameters (AddParameter): Name = "PackageReference"; Value = "RAD-0.3"; VariantName = "[No Variations]"
Change component parameters (AddParameter): Name = "Published"; Value = "8-Jun-2000"; VariantName = "[No Variations]"
Change component parameters (AddParameter): Name = "Publisher"; Value = "Altium Limited"; VariantName = "[No Variations]"
Change component parameters (AddParameter): Name = "Value"; Value = "1uF 0603"; VariantName = "[No Variations]"
Add Component: Footprint Not Found CAP_0805
Add Pin To Net: Unknown Pin: Pin C28-1
Add Pin To Net: Unknown Pin: Pin C28-2
Add Pin To Net: Unknown Pin: Pin J5-1
Add Pin To Net: Unknown Pin: Pin U6-2
Add Class Member: Failed to add class member : Component C28 Cap_1
