Change Physical Footprint: Designator=2 Old Footprint=2150794 New Footprint=2150794
Change Physical Footprint: Designator=C1 Old Footprint=CAP_0805 New Footprint=CAP_0805
Change Physical Footprint: Designator=C2 Old Footprint=Cap_0603 New Footprint=Cap_0603
Change Physical Footprint: Designator=C3 Old Footprint=Cap_0603 New Footprint=Cap_0603
Change Physical Footprint: Designator=C4 Old Footprint=Cap_0603 New Footprint=Cap_0603
Change Physical Footprint: Designator=C5 Old Footprint=CAP_0805 New Footprint=CAP_0805
Change Physical Footprint: Designator=C6 Old Footprint=CAP_0805 New Footprint=CAP_0805
Change Physical Footprint: Designator=C7 Old Footprint=Cap_0603 New Footprint=Cap_0603
Change Physical Footprint: Designator=C8 Old Footprint=Cap_0603 New Footprint=Cap_0603
Change Physical Footprint: Designator=C9 Old Footprint=Cap_0603 New Footprint=Cap_0603
Change Physical Footprint: Designator=C10 Old Footprint=Cap_0603 New Footprint=Cap_0603
Change Physical Footprint: Designator=C11 Old Footprint=Cap_0603 New Footprint=Cap_0603
Change Physical Footprint: Designator=C12 Old Footprint=Cap_0603 New Footprint=Cap_0603
Change Physical Footprint: Designator=C13 Old Footprint=Cap_0603 New Footprint=Cap_0603
Change Physical Footprint: Designator=C16 Old Footprint=CAP_0805 New Footprint=CAP_0805
Change Physical Footprint: Designator=C17 Old Footprint=CAP_0805 New Footprint=CAP_0805
Change Physical Footprint: Designator=C18 Old Footprint=CAP_0805 New Footprint=CAP_0805
Change Physical Footprint: Designator=C19 Old Footprint=CAP_0805 New Footprint=CAP_0805
Change Physical Footprint: Designator=C20 Old Footprint=CAP_0805 New Footprint=CAP_0805
Change Physical Footprint: Designator=C21 Old Footprint=CAP_0805 New Footprint=CAP_0805
Change Physical Footprint: Designator=C22 Old Footprint=CAP_0805 New Footprint=CAP_0805
Change Physical Footprint: Designator=C23 Old Footprint=CAP_0805 New Footprint=CAP_0805
Change Physical Footprint: Designator=C24 Old Footprint=CAP_0805 New Footprint=CAP_0805
Change Physical Footprint: Designator=C25 Old Footprint=CAP_0805 New Footprint=CAP_0805
Change Physical Footprint: Designator=C26 Old Footprint=CAP_0805 New Footprint=CAP_0805
Change Physical Footprint: Designator=C27 Old Footprint=CAP_0805 New Footprint=CAP_0805
Change Physical Footprint: Designator=C28 Old Footprint=CAP_0805 New Footprint=CAP_0805
Change Physical Footprint: Designator=C29 Old Footprint=CAP_0805 New Footprint=CAP_0805
Change Physical Footprint: Designator=C30 Old Footprint=CAP_0805 New Footprint=CAP_0805
Change Physical Footprint: Designator=C31 Old Footprint=CAP_0805 New Footprint=CAP_0805
Change Physical Footprint: Designator=C32 Old Footprint=CAP_0805 New Footprint=CAP_0805
Change Physical Footprint: Designator=C33 Old Footprint=Cap_0603 New Footprint=Cap_0603
Change Physical Footprint: Designator=C34 Old Footprint=Cap_0603 New Footprint=Cap_0603
Change Physical Footprint: Designator=C35 Old Footprint=Cap_0603 New Footprint=Cap_0603
Change Physical Footprint: Designator=C36 Old Footprint=Cap_0603 New Footprint=Cap_0603
Change Physical Footprint: Designator=D3 Old Footprint=LED0805B New Footprint=LED0805B
Change Physical Footprint: Designator=D4 Old Footprint=LED0805G New Footprint=LED0805G
Change Physical Footprint: Designator=J1 Old Footprint=FTSH10501LDVK New Footprint=FTSH10501LDVK
Change Physical Footprint: Designator=J2 Old Footprint=3x3mm pad New Footprint=3x3mm pad
Change Physical Footprint: Designator=J3 Old Footprint=2150794 New Footprint=2150794
Change Physical Footprint: Designator=J4 Old Footprint=2150794 New Footprint=2150794
Change Physical Footprint: Designator=J6 Old Footprint=2150794 New Footprint=2150794
Change Physical Footprint: Designator=J7 Old Footprint=3x3mm pad New Footprint=3x3mm pad
Change Physical Footprint: Designator=J8 Old Footprint=3x3mm pad New Footprint=3x3mm pad
Change Physical Footprint: Designator=J9 Old Footprint=USB port New Footprint=USB port
Change Physical Footprint: Designator=J10 Old Footprint=3x3mm pad New Footprint=3x3mm pad
Change Physical Footprint: Designator=J11 Old Footprint=3x3mm pad New Footprint=3x3mm pad
Change Physical Footprint: Designator=J12 Old Footprint=3x3mm pad New Footprint=3x3mm pad
Change Physical Footprint: Designator=J13 Old Footprint=3x3mm pad New Footprint=3x3mm pad
Change Physical Footprint: Designator=J14 Old Footprint=3x3mm pad New Footprint=3x3mm pad
Change Physical Footprint: Designator=L1 Old Footprint=Inductor ? New Footprint=Inductor ?
Change Physical Footprint: Designator=Q1 Old Footprint=BUK6Y1440PX New Footprint=BUK6Y1440PX
Change Physical Footprint: Designator=R1 Old Footprint=RES_0805 New Footprint=RES_0805
Change Physical Footprint: Designator=R2 Old Footprint=RES_0603 New Footprint=RES_0603
Change Physical Footprint: Designator=R3 Old Footprint=RES_0805 New Footprint=RES_0805
Change Physical Footprint: Designator=R4 Old Footprint=RES_0603 New Footprint=RES_0603
Change Physical Footprint: Designator=R5 Old Footprint=RES_0805 New Footprint=RES_0805
Change Physical Footprint: Designator=R6 Old Footprint=RES_0603 New Footprint=RES_0603
Change Physical Footprint: Designator=R7 Old Footprint=RES_0603 New Footprint=RES_0603
Change Physical Footprint: Designator=R8 Old Footprint=RES_0603 New Footprint=RES_0603
Change Physical Footprint: Designator=R9 Old Footprint=RES_0603 New Footprint=RES_0603
Change Physical Footprint: Designator=R10 Old Footprint=RES_0805 New Footprint=RES_0805
Change Physical Footprint: Designator=R11 Old Footprint=RES_0603 New Footprint=RES_0603
Change Physical Footprint: Designator=U2 Old Footprint=SOIC-16N New Footprint=SOIC-16N
Change Physical Footprint: Designator=U3 Old Footprint=RXY0014A-MFG New Footprint=RXY0014A-MFG
Change Physical Footprint: Designator=U4 Old Footprint=SOT65P220X110-5N New Footprint=SOT65P220X110-5N
Change Physical Footprint: Designator=U5 Old Footprint=RXY0014A-MFG New Footprint=RXY0014A-MFG
Change Physical Footprint: Designator=U7 Old Footprint=SOIC-16N New Footprint=SOIC-16N
Change Physical Footprint: Designator=U8 Old Footprint=RXY0014A-MFG New Footprint=RXY0014A-MFG
Change Physical Footprint: Designator=U9 Old Footprint=SOIC-16N New Footprint=SOIC-16N
Change Physical Footprint: Designator=U10 Old Footprint=SOP95P250X265-6N New Footprint=SOP95P250X265-6N
Change Physical Footprint: Designator=U11 Old Footprint=SOT-5X3 8N New Footprint=SOT-5X3 8N
